Total dataset size: 74618
Training set size: 67156
Validation set size: 7462
100%|███████████████████████████████████████████████████████████████████████████████████████████████████| 1050/1050 [09:17<00:00,  1.89it/s]

================================================================================
Epoch 1/2000
--------------------------------------------------------------------------------
TRAINING:
Recon Loss_albedo: 0.1545 | KL Loss: 0.0167 | Perceptual Loss: 0.6621
Total Training Loss: 0.8334

VALIDATION:
Recon Loss_shading: 0.3377 | KL Loss: 0.0214 | Perceptual Loss: 0.6551
Generator Loss: 0.0000 | Discriminator Loss: 0.0000
Total Validation Loss: 1.0142

Validation loss improved from inf to 1.0142. Saving model...
================================================================================
100%|███████████████████████████████████████████████████████████████████████████████████████████████████| 1050/1050 [09:22<00:00,  1.87it/s]


================================================================================
Epoch 2/2000
--------------------------------------------------------------------------------
TRAINING:
Recon Loss_albedo: 0.0684 | KL Loss: 0.0234 | Perceptual Loss: 0.5839
Total Training Loss: 0.6758

VALIDATION:
Recon Loss_shading: 0.2776 | KL Loss: 0.0537 | Perceptual Loss: 0.5759
Generator Loss: 0.0000 | Discriminator Loss: 0.0000
Total Validation Loss: 0.9073

Validation loss improved from 1.0142 to 0.9073. Saving model...
================================================================================
100%|███████████████████████████████████████████████████████████████████████████████████████████████████| 1050/1050 [09:23<00:00,  1.86it/s]


================================================================================
Epoch 3/2000
--------------------------------------------------------------------------------
TRAINING:
Recon Loss_albedo: 0.0634 | KL Loss: 0.0239 | Perceptual Loss: 0.5689
Total Training Loss: 0.6562

VALIDATION:
Recon Loss_shading: 0.0928 | KL Loss: 0.0480 | Perceptual Loss: 0.5400
Generator Loss: 0.0000 | Discriminator Loss: 0.0000
Total Validation Loss: 0.6808

Validation loss improved from 0.9073 to 0.6808. Saving model...
================================================================================
100%|███████████████████████████████████████████████████████████████████████████████████████████████████| 1050/1050 [09:24<00:00,  1.86it/s]


================================================================================
Epoch 4/2000
--------------------------------------------------------------------------------
TRAINING:
Recon Loss_albedo: 0.0540 | KL Loss: 0.0264 | Perceptual Loss: 0.5542
Total Training Loss: 0.6345

VALIDATION:
Recon Loss_shading: 0.1292 | KL Loss: 0.0596 | Perceptual Loss: 0.5820
Generator Loss: 0.0000 | Discriminator Loss: 0.0000
Total Validation Loss: 0.7708
Validation loss did not improve from 0.6808
================================================================================
100%|███████████████████████████████████████████████████████████████████████████████████████████████████| 1050/1050 [09:26<00:00,  1.85it/s]


================================================================================
Epoch 5/2000
--------------------------------------------------------------------------------
TRAINING:
Recon Loss_albedo: 0.0455 | KL Loss: 0.0315 | Perceptual Loss: 0.5308
Total Training Loss: 0.6078

VALIDATION:
Recon Loss_shading: 0.4556 | KL Loss: 0.4020 | Perceptual Loss: 0.6287
Generator Loss: 0.0000 | Discriminator Loss: 0.0000
Total Validation Loss: 1.4863
Validation loss did not improve from 0.6808
================================================================================
100%|███████████████████████████████████████████████████████████████████████████████████████████████████| 1050/1050 [09:27<00:00,  1.85it/s]


================================================================================
Epoch 6/2000
--------------------------------------------------------------------------------
TRAINING:
Recon Loss_albedo: 0.0458 | KL Loss: 0.0350 | Perceptual Loss: 0.5239
Total Training Loss: 0.6047

VALIDATION:
Recon Loss_shading: 0.6126 | KL Loss: 0.0643 | Perceptual Loss: 0.6532
Generator Loss: 0.0000 | Discriminator Loss: 0.0000
Total Validation Loss: 1.3301
Validation loss did not improve from 0.6808
================================================================================
100%|███████████████████████████████████████████████████████████████████████████████████████████████████| 1050/1050 [09:26<00:00,  1.85it/s]


================================================================================
Epoch 7/2000
--------------------------------------------------------------------------------
TRAINING:
Recon Loss_albedo: 0.0436 | KL Loss: 0.0353 | Perceptual Loss: 0.5093
Total Training Loss: 0.5882

VALIDATION:
Recon Loss_shading: 0.7072 | KL Loss: 0.0377 | Perceptual Loss: 0.6527
Generator Loss: 0.0000 | Discriminator Loss: 0.0000
Total Validation Loss: 1.3976
Validation loss did not improve from 0.6808
================================================================================
100%|███████████████████████████████████████████████████████████████████████████████████████████████████| 1050/1050 [09:26<00:00,  1.85it/s]


================================================================================
Epoch 8/2000
--------------------------------------------------------------------------------
TRAINING:
Recon Loss_albedo: 0.0437 | KL Loss: 0.0380 | Perceptual Loss: 0.5023
Total Training Loss: 0.5839

VALIDATION:
Recon Loss_shading: 0.1222 | KL Loss: 0.0446 | Perceptual Loss: 0.5564
Generator Loss: 0.0000 | Discriminator Loss: 0.0000
Total Validation Loss: 0.7233
Validation loss did not improve from 0.6808
================================================================================
100%|███████████████████████████████████████████████████████████████████████████████████████████████████| 1050/1050 [09:27<00:00,  1.85it/s]


================================================================================
Epoch 9/2000
--------------------------------------------------------------------------------
TRAINING:
Recon Loss_albedo: 0.0414 | KL Loss: 0.0387 | Perceptual Loss: 0.4917
Total Training Loss: 0.5718

VALIDATION:
Recon Loss_shading: 0.3237 | KL Loss: 0.0406 | Perceptual Loss: 0.6144
Generator Loss: 0.0000 | Discriminator Loss: 0.0000
Total Validation Loss: 0.9788
Validation loss did not improve from 0.6808
================================================================================
100%|███████████████████████████████████████████████████████████████████████████████████████████████████| 1050/1050 [09:26<00:00,  1.85it/s]


================================================================================
Epoch 10/2000
--------------------------------------------------------------------------------
TRAINING:
Recon Loss_albedo: 0.0390 | KL Loss: 0.0380 | Perceptual Loss: 0.4828
Total Training Loss: 0.5598

VALIDATION:
Recon Loss_shading: 0.1372 | KL Loss: 0.0300 | Perceptual Loss: 0.5868
Generator Loss: 0.0000 | Discriminator Loss: 0.0000
Total Validation Loss: 0.7540
Validation loss did not improve from 0.6808
================================================================================
100%|███████████████████████████████████████████████████████████████████████████████████████████████████| 1050/1050 [09:26<00:00,  1.85it/s]


================================================================================
Epoch 11/2000
--------------------------------------------------------------------------------
TRAINING:
Recon Loss_albedo: 0.0376 | KL Loss: 0.0369 | Perceptual Loss: 0.4730
Total Training Loss: 0.5476

VALIDATION:
Recon Loss_shading: 0.1427 | KL Loss: 0.0312 | Perceptual Loss: 0.4957
Generator Loss: 0.0000 | Discriminator Loss: 0.0000
Total Validation Loss: 0.6696

Validation loss improved from 0.6808 to 0.6696. Saving model...
================================================================================
100%|███████████████████████████████████████████████████████████████████████████████████████████████████| 1050/1050 [09:27<00:00,  1.85it/s]


================================================================================
Epoch 12/2000
--------------------------------------------------------------------------------
TRAINING:
Recon Loss_albedo: 0.0382 | KL Loss: 0.0387 | Perceptual Loss: 0.4686
Total Training Loss: 0.5455

VALIDATION:
Recon Loss_shading: 0.0478 | KL Loss: 0.0300 | Perceptual Loss: 0.5009
Generator Loss: 0.0000 | Discriminator Loss: 0.0000
Total Validation Loss: 0.5786

Validation loss improved from 0.6696 to 0.5786. Saving model...
================================================================================
100%|███████████████████████████████████████████████████████████████████████████████████████████████████| 1050/1050 [09:29<00:00,  1.84it/s]


================================================================================
Epoch 13/2000
--------------------------------------------------------------------------------
TRAINING:
Recon Loss_albedo: 0.0370 | KL Loss: 0.0390 | Perceptual Loss: 0.4647
Total Training Loss: 0.5407

VALIDATION:
Recon Loss_shading: 0.0606 | KL Loss: 0.0382 | Perceptual Loss: 0.4832
Generator Loss: 0.0000 | Discriminator Loss: 0.0000
Total Validation Loss: 0.5820
Validation loss did not improve from 0.5786
================================================================================
100%|███████████████████████████████████████████████████████████████████████████████████████████████████| 1050/1050 [09:30<00:00,  1.84it/s]


================================================================================
Epoch 14/2000
--------------------------------------------------------------------------------
TRAINING:
Recon Loss_albedo: 0.0371 | KL Loss: 0.0391 | Perceptual Loss: 0.4638
Total Training Loss: 0.5400

VALIDATION:
Recon Loss_shading: 0.1480 | KL Loss: 0.0338 | Perceptual Loss: 0.6297
Generator Loss: 0.0000 | Discriminator Loss: 0.0000
Total Validation Loss: 0.8115
Validation loss did not improve from 0.5786
================================================================================
100%|███████████████████████████████████████████████████████████████████████████████████████████████████| 1050/1050 [09:30<00:00,  1.84it/s]


================================================================================
Epoch 15/2000
--------------------------------------------------------------------------------
TRAINING:
Recon Loss_albedo: 0.0369 | KL Loss: 0.0391 | Perceptual Loss: 0.4617
Total Training Loss: 0.5378

VALIDATION:
Recon Loss_shading: 0.0380 | KL Loss: 0.0425 | Perceptual Loss: 0.4678
Generator Loss: 0.0000 | Discriminator Loss: 0.0000
Total Validation Loss: 0.5484

Validation loss improved from 0.5786 to 0.5484. Saving model...
================================================================================
100%|███████████████████████████████████████████████████████████████████████████████████████████████████| 1050/1050 [09:29<00:00,  1.84it/s]


================================================================================
Epoch 16/2000
--------------------------------------------------------------------------------
TRAINING:
Recon Loss_albedo: 0.0371 | KL Loss: 0.0393 | Perceptual Loss: 0.4586
Total Training Loss: 0.5351

VALIDATION:
Recon Loss_shading: 0.0440 | KL Loss: 0.0394 | Perceptual Loss: 0.4489
Generator Loss: 0.0000 | Discriminator Loss: 0.0000
Total Validation Loss: 0.5323

Validation loss improved from 0.5484 to 0.5323. Saving model...
================================================================================
100%|███████████████████████████████████████████████████████████████████████████████████████████████████| 1050/1050 [09:29<00:00,  1.84it/s]


================================================================================
Epoch 17/2000
--------------------------------------------------------------------------------
TRAINING:
Recon Loss_albedo: 0.0370 | KL Loss: 0.0402 | Perceptual Loss: 0.4562
Total Training Loss: 0.5334

VALIDATION:
Recon Loss_shading: 0.0507 | KL Loss: 0.0371 | Perceptual Loss: 0.4755
Generator Loss: 0.0000 | Discriminator Loss: 0.0000
Total Validation Loss: 0.5633
Validation loss did not improve from 0.5323
================================================================================
100%|███████████████████████████████████████████████████████████████████████████████████████████████████| 1050/1050 [09:29<00:00,  1.84it/s]


================================================================================
Epoch 18/2000
--------------------------------------------------------------------------------
TRAINING:
Recon Loss_albedo: 0.0373 | KL Loss: 0.0418 | Perceptual Loss: 0.4564
Total Training Loss: 0.5355

VALIDATION:
Recon Loss_shading: 0.0549 | KL Loss: 0.0428 | Perceptual Loss: 0.5113
Generator Loss: 0.0000 | Discriminator Loss: 0.0000
Total Validation Loss: 0.6090
Validation loss did not improve from 0.5323
================================================================================
100%|███████████████████████████████████████████████████████████████████████████████████████████████████| 1050/1050 [09:28<00:00,  1.85it/s]


================================================================================
Epoch 19/2000
--------------------------------------------------------------------------------
TRAINING:
Recon Loss_albedo: 0.0375 | KL Loss: 0.0429 | Perceptual Loss: 0.4565
Total Training Loss: 0.5370

VALIDATION:
Recon Loss_shading: 0.0973 | KL Loss: 0.0513 | Perceptual Loss: 0.5261
Generator Loss: 0.0000 | Discriminator Loss: 0.0000
Total Validation Loss: 0.6747
Validation loss did not improve from 0.5323
================================================================================
100%|███████████████████████████████████████████████████████████████████████████████████████████████████| 1050/1050 [09:28<00:00,  1.85it/s]


================================================================================
Epoch 20/2000
--------------------------------------------------------------------------------
TRAINING:
Recon Loss_albedo: 0.0380 | KL Loss: 0.0424 | Perceptual Loss: 0.4567
Total Training Loss: 0.5371

VALIDATION:
Recon Loss_shading: 0.0382 | KL Loss: 0.0417 | Perceptual Loss: 0.4493
Generator Loss: 0.0000 | Discriminator Loss: 0.0000
Total Validation Loss: 0.5292

Validation loss improved from 0.5323 to 0.5292. Saving model...
================================================================================
100%|███████████████████████████████████████████████████████████████████████████████████████████████████| 1050/1050 [10:09<00:00,  1.72it/s]


================================================================================
Epoch 21/2000
--------------------------------------------------------------------------------
TRAINING:
Recon Loss_albedo: 0.0383 | KL Loss: 0.0435 | Perceptual Loss: 0.4574
Generator Loss: 0.0201 | Discriminator Loss: 0.0965
Total Training Loss: 0.5593

VALIDATION:
Recon Loss_shading: 0.0412 | KL Loss: 0.0478 | Perceptual Loss: 0.4639
Generator Loss: 0.0190 | Discriminator Loss: 0.0967
Total Validation Loss: 0.5719
Validation loss did not improve from 0.5292
================================================================================
100%|███████████████████████████████████████████████████████████████████████████████████████████████████| 1050/1050 [10:08<00:00,  1.72it/s]


================================================================================
Epoch 22/2000
--------------------------------------------------------------------------------
TRAINING:
Recon Loss_albedo: 0.0389 | KL Loss: 0.0441 | Perceptual Loss: 0.4585
Generator Loss: 0.0189 | Discriminator Loss: 0.0969
Total Training Loss: 0.5604

VALIDATION:
Recon Loss_shading: 0.0399 | KL Loss: 0.0478 | Perceptual Loss: 0.4826
Generator Loss: 0.0081 | Discriminator Loss: 0.1706
Total Validation Loss: 0.5785
Validation loss did not improve from 0.5292
================================================================================
100%|███████████████████████████████████████████████████████████████████████████████████████████████████| 1050/1050 [10:10<00:00,  1.72it/s]


================================================================================
Epoch 23/2000
--------------------------------------------------------------------------------
TRAINING:
Recon Loss_albedo: 0.0392 | KL Loss: 0.0431 | Perceptual Loss: 0.4571
Generator Loss: 0.0189 | Discriminator Loss: 0.0976
Total Training Loss: 0.5583

VALIDATION:
Recon Loss_shading: 0.0731 | KL Loss: 0.0560 | Perceptual Loss: 0.5866
Generator Loss: 0.0143 | Discriminator Loss: 0.1082
Total Validation Loss: 0.7301
Validation loss did not improve from 0.5292
================================================================================
100%|███████████████████████████████████████████████████████████████████████████████████████████████████| 1050/1050 [10:10<00:00,  1.72it/s]


================================================================================
Epoch 24/2000
--------------------------------------------------------------------------------
TRAINING:
Recon Loss_albedo: 0.0388 | KL Loss: 0.0429 | Perceptual Loss: 0.4567
Generator Loss: 0.0187 | Discriminator Loss: 0.0980
Total Training Loss: 0.5571

VALIDATION:
Recon Loss_shading: 0.0704 | KL Loss: 0.0411 | Perceptual Loss: 0.5072
Generator Loss: 0.0092 | Discriminator Loss: 0.1396
Total Validation Loss: 0.6280
Validation loss did not improve from 0.5292
================================================================================
100%|███████████████████████████████████████████████████████████████████████████████████████████████████| 1050/1050 [10:08<00:00,  1.72it/s]


================================================================================
Epoch 25/2000
--------------------------------------------------------------------------------
TRAINING:
Recon Loss_albedo: 0.0387 | KL Loss: 0.0442 | Perceptual Loss: 0.4556
Generator Loss: 0.0188 | Discriminator Loss: 0.0978
Total Training Loss: 0.5573

VALIDATION:
Recon Loss_shading: 0.0480 | KL Loss: 0.0395 | Perceptual Loss: 0.4814
Generator Loss: 0.0154 | Discriminator Loss: 0.1050
Total Validation Loss: 0.5843
Validation loss did not improve from 0.5292
================================================================================
100%|███████████████████████████████████████████████████████████████████████████████████████████████████| 1050/1050 [10:10<00:00,  1.72it/s]


================================================================================
Epoch 26/2000
--------------------------------------------------------------------------------
TRAINING:
Recon Loss_albedo: 0.0387 | KL Loss: 0.0427 | Perceptual Loss: 0.4561
Generator Loss: 0.0186 | Discriminator Loss: 0.0983
Total Training Loss: 0.5560

VALIDATION:
Recon Loss_shading: 0.0768 | KL Loss: 0.0460 | Perceptual Loss: 0.5053
Generator Loss: 0.0182 | Discriminator Loss: 0.0977
Total Validation Loss: 0.6464
Validation loss did not improve from 0.5292
================================================================================
100%|███████████████████████████████████████████████████████████████████████████████████████████████████| 1050/1050 [10:09<00:00,  1.72it/s]


================================================================================
Epoch 27/2000
--------------------------------------------------------------------------------
TRAINING:
Recon Loss_albedo: 0.0391 | KL Loss: 0.0443 | Perceptual Loss: 0.4546
Generator Loss: 0.0187 | Discriminator Loss: 0.0980
Total Training Loss: 0.5567

VALIDATION:
Recon Loss_shading: 0.0415 | KL Loss: 0.0377 | Perceptual Loss: 0.5116
Generator Loss: 0.0177 | Discriminator Loss: 0.1002
Total Validation Loss: 0.6084
Validation loss did not improve from 0.5292
================================================================================
100%|███████████████████████████████████████████████████████████████████████████████████████████████████| 1050/1050 [10:09<00:00,  1.72it/s]


================================================================================
Epoch 28/2000
--------------------------------------------------------------------------------
TRAINING:
Recon Loss_albedo: 0.0392 | KL Loss: 0.0457 | Perceptual Loss: 0.4552
Generator Loss: 0.0186 | Discriminator Loss: 0.0979
Total Training Loss: 0.5587

VALIDATION:
Recon Loss_shading: 0.0496 | KL Loss: 0.0448 | Perceptual Loss: 0.5472
Generator Loss: 0.0213 | Discriminator Loss: 0.0923
Total Validation Loss: 0.6629
Validation loss did not improve from 0.5292
================================================================================
100%|███████████████████████████████████████████████████████████████████████████████████████████████████| 1050/1050 [10:10<00:00,  1.72it/s]


================================================================================
Epoch 29/2000
--------------------------------------------------------------------------------
TRAINING:
Recon Loss_albedo: 0.0395 | KL Loss: 0.0471 | Perceptual Loss: 0.4563
Generator Loss: 0.0186 | Discriminator Loss: 0.0981
Total Training Loss: 0.5615

VALIDATION:
Recon Loss_shading: 0.0367 | KL Loss: 0.0473 | Perceptual Loss: 0.4874
Generator Loss: 0.0160 | Discriminator Loss: 0.1104
Total Validation Loss: 0.5874
Validation loss did not improve from 0.5292
================================================================================
100%|███████████████████████████████████████████████████████████████████████████████████████████████████| 1050/1050 [10:10<00:00,  1.72it/s]


================================================================================
Epoch 30/2000
--------------------------------------------------------------------------------
TRAINING:
Recon Loss_albedo: 0.0394 | KL Loss: 0.0474 | Perceptual Loss: 0.4556
Generator Loss: 0.0186 | Discriminator Loss: 0.0977
Total Training Loss: 0.5611

VALIDATION:
Recon Loss_shading: 0.0462 | KL Loss: 0.0405 | Perceptual Loss: 0.4587
Generator Loss: 0.0143 | Discriminator Loss: 0.1112
Total Validation Loss: 0.5596
Validation loss did not improve from 0.5292
================================================================================
100%|███████████████████████████████████████████████████████████████████████████████████████████████████| 1050/1050 [10:10<00:00,  1.72it/s]


================================================================================
Epoch 31/2000
--------------------------------------------------------------------------------
TRAINING:
Recon Loss_albedo: 0.0393 | KL Loss: 0.0473 | Perceptual Loss: 0.4554
Generator Loss: 0.0186 | Discriminator Loss: 0.0978
Total Training Loss: 0.5606

VALIDATION:
Recon Loss_shading: 0.0494 | KL Loss: 0.0511 | Perceptual Loss: 0.4769
Generator Loss: 0.0172 | Discriminator Loss: 0.1027
Total Validation Loss: 0.5946
Validation loss did not improve from 0.5292
================================================================================
100%|███████████████████████████████████████████████████████████████████████████████████████████████████| 1050/1050 [10:09<00:00,  1.72it/s]


================================================================================
Epoch 32/2000
--------------------------------------------------------------------------------
TRAINING:
Recon Loss_albedo: 0.0392 | KL Loss: 0.0493 | Perceptual Loss: 0.4553
Generator Loss: 0.0185 | Discriminator Loss: 0.0982
Total Training Loss: 0.5623

VALIDATION:
Recon Loss_shading: 0.0630 | KL Loss: 0.0423 | Perceptual Loss: 0.5065
Generator Loss: 0.0130 | Discriminator Loss: 0.1161
Total Validation Loss: 0.6248
Validation loss did not improve from 0.5292
================================================================================
100%|███████████████████████████████████████████████████████████████████████████████████████████████████| 1050/1050 [10:10<00:00,  1.72it/s]


================================================================================
Epoch 33/2000
--------------------------------------------------------------------------------
TRAINING:
Recon Loss_albedo: 0.0388 | KL Loss: 0.0489 | Perceptual Loss: 0.4545
Generator Loss: 0.0185 | Discriminator Loss: 0.0984
Total Training Loss: 0.5607

VALIDATION:
Recon Loss_shading: 0.0393 | KL Loss: 0.0441 | Perceptual Loss: 0.4413
Generator Loss: 0.0189 | Discriminator Loss: 0.0984
Total Validation Loss: 0.5437
Validation loss did not improve from 0.5292
================================================================================
100%|███████████████████████████████████████████████████████████████████████████████████████████████████| 1050/1050 [10:08<00:00,  1.72it/s]


================================================================================
Epoch 34/2000
--------------------------------------------------------------------------------
TRAINING:
Recon Loss_albedo: 0.0387 | KL Loss: 0.0491 | Perceptual Loss: 0.4544
Generator Loss: 0.0185 | Discriminator Loss: 0.0981
Total Training Loss: 0.5608

VALIDATION:
Recon Loss_shading: 0.0738 | KL Loss: 0.0410 | Perceptual Loss: 0.5445
Generator Loss: 0.0212 | Discriminator Loss: 0.0958
Total Validation Loss: 0.6805
Validation loss did not improve from 0.5292
================================================================================
100%|███████████████████████████████████████████████████████████████████████████████████████████████████| 1050/1050 [10:09<00:00,  1.72it/s]


================================================================================
Epoch 35/2000
--------------------------------------------------------------------------------
TRAINING:
Recon Loss_albedo: 0.0392 | KL Loss: 0.0497 | Perceptual Loss: 0.4565
Generator Loss: 0.0186 | Discriminator Loss: 0.0979
Total Training Loss: 0.5639

VALIDATION:
Recon Loss_shading: 0.0760 | KL Loss: 0.0491 | Perceptual Loss: 0.5580
Generator Loss: 0.0129 | Discriminator Loss: 0.1326
Total Validation Loss: 0.6961
Validation loss did not improve from 0.5292
================================================================================
 81%|████████████████████████████████████████████████████████████████████████████████▋                   | 847/1050 [09:33<02:17,  1.48it/s]
Traceback (most recent call last):
  File "/home/project/mithlesh/ldr_image_to_ldr_albedo/train_vae_hyperism.py", line 787, in <module>
    train(args)
  File "/home/project/mithlesh/ldr_image_to_ldr_albedo/train_vae_hyperism.py", line 580, in train
    disc_losses.append(disc_loss.item())
                       ^^^^^^^^^^^^^^^^
KeyboardInterrupt
